mode: set
github.com/alekslesik/snippetbox.learn/cmd/web/helpers.go:16.71,21.2 3 1
github.com/alekslesik/snippetbox.learn/cmd/web/helpers.go:26.72,28.2 1 1
github.com/alekslesik/snippetbox.learn/cmd/web/helpers.go:32.57,34.2 1 1
github.com/alekslesik/snippetbox.learn/cmd/web/helpers.go:36.103,39.9 2 1
github.com/alekslesik/snippetbox.learn/cmd/web/helpers.go:45.2,49.16 3 1
github.com/alekslesik/snippetbox.learn/cmd/web/helpers.go:55.2,55.16 1 1
github.com/alekslesik/snippetbox.learn/cmd/web/helpers.go:39.9,42.3 2 0
github.com/alekslesik/snippetbox.learn/cmd/web/helpers.go:49.16,52.3 2 0
github.com/alekslesik/snippetbox.learn/cmd/web/helpers.go:62.89,63.15 1 1
github.com/alekslesik/snippetbox.learn/cmd/web/helpers.go:68.2,76.11 5 1
github.com/alekslesik/snippetbox.learn/cmd/web/helpers.go:63.15,65.3 1 0
github.com/alekslesik/snippetbox.learn/cmd/web/helpers.go:80.73,82.9 2 1
github.com/alekslesik/snippetbox.learn/cmd/web/helpers.go:85.2,85.13 1 0
github.com/alekslesik/snippetbox.learn/cmd/web/helpers.go:82.9,84.3 1 1
github.com/alekslesik/snippetbox.learn/cmd/web/main.go:42.13,54.9 8 0
github.com/alekslesik/snippetbox.learn/cmd/web/main.go:59.2,60.16 2 0
github.com/alekslesik/snippetbox.learn/cmd/web/main.go:63.2,67.16 3 0
github.com/alekslesik/snippetbox.learn/cmd/web/main.go:72.2,114.21 10 0
github.com/alekslesik/snippetbox.learn/cmd/web/main.go:54.9,56.3 1 0
github.com/alekslesik/snippetbox.learn/cmd/web/main.go:60.16,62.3 1 0
github.com/alekslesik/snippetbox.learn/cmd/web/main.go:67.16,69.3 1 0
github.com/alekslesik/snippetbox.learn/cmd/web/main.go:117.42,119.16 2 0
github.com/alekslesik/snippetbox.learn/cmd/web/main.go:122.2,122.33 1 0
github.com/alekslesik/snippetbox.learn/cmd/web/main.go:125.2,125.16 1 0
github.com/alekslesik/snippetbox.learn/cmd/web/main.go:119.16,121.3 1 0
github.com/alekslesik/snippetbox.learn/cmd/web/main.go:122.33,124.3 1 0
github.com/alekslesik/snippetbox.learn/cmd/web/middleware.go:12.52,13.71 1 1
github.com/alekslesik/snippetbox.learn/cmd/web/middleware.go:13.71,18.3 3 1
github.com/alekslesik/snippetbox.learn/cmd/web/middleware.go:23.45,32.2 3 1
github.com/alekslesik/snippetbox.learn/cmd/web/middleware.go:34.68,35.71 1 1
github.com/alekslesik/snippetbox.learn/cmd/web/middleware.go:35.71,39.3 2 1
github.com/alekslesik/snippetbox.learn/cmd/web/middleware.go:42.70,43.71 1 1
github.com/alekslesik/snippetbox.learn/cmd/web/middleware.go:43.71,44.16 1 1
github.com/alekslesik/snippetbox.learn/cmd/web/middleware.go:53.3,53.23 1 1
github.com/alekslesik/snippetbox.learn/cmd/web/middleware.go:44.16,45.36 1 1
github.com/alekslesik/snippetbox.learn/cmd/web/middleware.go:45.36,50.5 2 0
github.com/alekslesik/snippetbox.learn/cmd/web/middleware.go:60.82,61.71 1 1
github.com/alekslesik/snippetbox.learn/cmd/web/middleware.go:61.71,62.38 1 0
github.com/alekslesik/snippetbox.learn/cmd/web/middleware.go:69.3,69.23 1 0
github.com/alekslesik/snippetbox.learn/cmd/web/middleware.go:62.38,66.4 3 0
github.com/alekslesik/snippetbox.learn/cmd/web/middleware.go:73.70,74.71 1 1
github.com/alekslesik/snippetbox.learn/cmd/web/middleware.go:74.71,78.13 2 1
github.com/alekslesik/snippetbox.learn/cmd/web/middleware.go:86.3,87.32 2 0
github.com/alekslesik/snippetbox.learn/cmd/web/middleware.go:100.3,101.40 2 0
github.com/alekslesik/snippetbox.learn/cmd/web/middleware.go:78.13,81.4 2 1
github.com/alekslesik/snippetbox.learn/cmd/web/middleware.go:87.32,91.4 3 0
github.com/alekslesik/snippetbox.learn/cmd/web/middleware.go:91.9,91.24 1 0
github.com/alekslesik/snippetbox.learn/cmd/web/middleware.go:91.24,94.4 2 0
github.com/alekslesik/snippetbox.learn/cmd/web/routes.go:10.47,40.2 17 1
github.com/alekslesik/snippetbox.learn/cmd/web/templates.go:23.36,24.16 1 1
github.com/alekslesik/snippetbox.learn/cmd/web/templates.go:29.2,29.47 1 1
github.com/alekslesik/snippetbox.learn/cmd/web/templates.go:24.16,26.3 1 1
github.com/alekslesik/snippetbox.learn/cmd/web/templates.go:39.74,45.16 3 1
github.com/alekslesik/snippetbox.learn/cmd/web/templates.go:49.2,49.29 1 1
github.com/alekslesik/snippetbox.learn/cmd/web/templates.go:77.2,77.19 1 1
github.com/alekslesik/snippetbox.learn/cmd/web/templates.go:45.16,47.3 1 0
github.com/alekslesik/snippetbox.learn/cmd/web/templates.go:49.29,57.17 3 1
github.com/alekslesik/snippetbox.learn/cmd/web/templates.go:62.3,63.17 2 1
github.com/alekslesik/snippetbox.learn/cmd/web/templates.go:67.3,68.17 2 1
github.com/alekslesik/snippetbox.learn/cmd/web/templates.go:74.3,74.19 1 1
github.com/alekslesik/snippetbox.learn/cmd/web/templates.go:57.17,59.4 1 0
github.com/alekslesik/snippetbox.learn/cmd/web/templates.go:63.17,65.4 1 0
github.com/alekslesik/snippetbox.learn/cmd/web/templates.go:68.17,70.4 1 0
github.com/alekslesik/snippetbox.learn/cmd/web/handlers.go:15.51,17.2 1 1
github.com/alekslesik/snippetbox.learn/cmd/web/handlers.go:20.70,22.16 2 1
github.com/alekslesik/snippetbox.learn/cmd/web/handlers.go:27.2,29.4 1 1
github.com/alekslesik/snippetbox.learn/cmd/web/handlers.go:22.16,25.3 2 1
github.com/alekslesik/snippetbox.learn/cmd/web/handlers.go:33.72,35.2 1 1
github.com/alekslesik/snippetbox.learn/cmd/web/handlers.go:38.79,42.2 1 1
github.com/alekslesik/snippetbox.learn/cmd/web/handlers.go:45.75,47.16 2 0
github.com/alekslesik/snippetbox.learn/cmd/web/handlers.go:54.2,56.41 3 0
github.com/alekslesik/snippetbox.learn/cmd/web/handlers.go:66.2,69.61 2 0
github.com/alekslesik/snippetbox.learn/cmd/web/handlers.go:47.16,50.3 2 0
github.com/alekslesik/snippetbox.learn/cmd/web/handlers.go:56.41,60.3 3 0
github.com/alekslesik/snippetbox.learn/cmd/web/handlers.go:60.8,60.23 1 0
github.com/alekslesik/snippetbox.learn/cmd/web/handlers.go:60.23,63.3 2 0
github.com/alekslesik/snippetbox.learn/cmd/web/handlers.go:73.83,78.2 1 0
github.com/alekslesik/snippetbox.learn/cmd/web/handlers.go:81.79,84.16 2 0
github.com/alekslesik/snippetbox.learn/cmd/web/handlers.go:90.2,98.19 5 0
github.com/alekslesik/snippetbox.learn/cmd/web/handlers.go:105.2,106.16 2 0
github.com/alekslesik/snippetbox.learn/cmd/web/handlers.go:112.2,115.74 2 0
github.com/alekslesik/snippetbox.learn/cmd/web/handlers.go:84.16,87.3 2 0
github.com/alekslesik/snippetbox.learn/cmd/web/handlers.go:98.19,103.3 2 0
github.com/alekslesik/snippetbox.learn/cmd/web/handlers.go:106.16,109.3 2 0
github.com/alekslesik/snippetbox.learn/cmd/web/handlers.go:119.77,121.26 2 1
github.com/alekslesik/snippetbox.learn/cmd/web/handlers.go:126.2,127.16 2 1
github.com/alekslesik/snippetbox.learn/cmd/web/handlers.go:136.2,138.4 1 1
github.com/alekslesik/snippetbox.learn/cmd/web/handlers.go:121.26,124.3 2 1
github.com/alekslesik/snippetbox.learn/cmd/web/handlers.go:127.16,128.41 1 1
github.com/alekslesik/snippetbox.learn/cmd/web/handlers.go:133.3,133.9 1 1
github.com/alekslesik/snippetbox.learn/cmd/web/handlers.go:128.41,130.4 1 1
github.com/alekslesik/snippetbox.learn/cmd/web/handlers.go:130.9,132.4 1 0
github.com/alekslesik/snippetbox.learn/cmd/web/handlers.go:142.80,146.2 1 1
github.com/alekslesik/snippetbox.learn/cmd/web/handlers.go:149.76,152.16 2 0
github.com/alekslesik/snippetbox.learn/cmd/web/handlers.go:158.2,164.19 5 0
github.com/alekslesik/snippetbox.learn/cmd/web/handlers.go:173.2,174.37 2 0
github.com/alekslesik/snippetbox.learn/cmd/web/handlers.go:187.2,190.57 2 0
github.com/alekslesik/snippetbox.learn/cmd/web/handlers.go:152.16,155.3 2 0
github.com/alekslesik/snippetbox.learn/cmd/web/handlers.go:164.19,169.3 2 0
github.com/alekslesik/snippetbox.learn/cmd/web/handlers.go:174.37,180.3 3 0
github.com/alekslesik/snippetbox.learn/cmd/web/handlers.go:180.8,180.23 1 0
github.com/alekslesik/snippetbox.learn/cmd/web/handlers.go:180.23,183.3 2 0
github.com/alekslesik/snippetbox.learn/cmd/web/handlers.go:194.76,202.2 3 0
