mode: set
github.com/alekslesik/snippetbox.learn/cmd/web/helpers.go:16.71,21.2 3 0
github.com/alekslesik/snippetbox.learn/cmd/web/helpers.go:26.72,28.2 1 1
github.com/alekslesik/snippetbox.learn/cmd/web/helpers.go:32.57,34.2 1 1
github.com/alekslesik/snippetbox.learn/cmd/web/helpers.go:36.103,39.9 2 1
github.com/alekslesik/snippetbox.learn/cmd/web/helpers.go:45.2,49.16 3 1
github.com/alekslesik/snippetbox.learn/cmd/web/helpers.go:55.2,55.16 1 1
github.com/alekslesik/snippetbox.learn/cmd/web/helpers.go:39.9,42.3 2 0
github.com/alekslesik/snippetbox.learn/cmd/web/helpers.go:49.16,52.3 2 0
github.com/alekslesik/snippetbox.learn/cmd/web/helpers.go:62.89,63.15 1 1
github.com/alekslesik/snippetbox.learn/cmd/web/helpers.go:68.2,76.11 5 1
github.com/alekslesik/snippetbox.learn/cmd/web/helpers.go:63.15,65.3 1 0
github.com/alekslesik/snippetbox.learn/cmd/web/helpers.go:80.73,82.9 2 1
github.com/alekslesik/snippetbox.learn/cmd/web/helpers.go:85.2,85.13 1 0
github.com/alekslesik/snippetbox.learn/cmd/web/helpers.go:82.9,84.3 1 1
github.com/alekslesik/snippetbox.learn/cmd/web/main.go:42.13,54.9 8 0
github.com/alekslesik/snippetbox.learn/cmd/web/main.go:59.2,60.16 2 0
github.com/alekslesik/snippetbox.learn/cmd/web/main.go:63.2,67.16 3 0
github.com/alekslesik/snippetbox.learn/cmd/web/main.go:72.2,114.21 10 0
github.com/alekslesik/snippetbox.learn/cmd/web/main.go:54.9,56.3 1 0
github.com/alekslesik/snippetbox.learn/cmd/web/main.go:60.16,62.3 1 0
github.com/alekslesik/snippetbox.learn/cmd/web/main.go:67.16,69.3 1 0
github.com/alekslesik/snippetbox.learn/cmd/web/main.go:117.42,119.16 2 0
github.com/alekslesik/snippetbox.learn/cmd/web/main.go:122.2,122.33 1 0
github.com/alekslesik/snippetbox.learn/cmd/web/main.go:125.2,125.16 1 0
github.com/alekslesik/snippetbox.learn/cmd/web/main.go:119.16,121.3 1 0
github.com/alekslesik/snippetbox.learn/cmd/web/main.go:122.33,124.3 1 0
github.com/alekslesik/snippetbox.learn/cmd/web/middleware.go:12.52,13.71 1 1
github.com/alekslesik/snippetbox.learn/cmd/web/middleware.go:13.71,18.3 3 1
github.com/alekslesik/snippetbox.learn/cmd/web/middleware.go:23.45,32.2 3 1
github.com/alekslesik/snippetbox.learn/cmd/web/middleware.go:34.68,35.71 1 1
github.com/alekslesik/snippetbox.learn/cmd/web/middleware.go:35.71,39.3 2 1
github.com/alekslesik/snippetbox.learn/cmd/web/middleware.go:42.70,43.71 1 1
github.com/alekslesik/snippetbox.learn/cmd/web/middleware.go:43.71,44.16 1 1
github.com/alekslesik/snippetbox.learn/cmd/web/middleware.go:53.3,53.23 1 1
github.com/alekslesik/snippetbox.learn/cmd/web/middleware.go:44.16,45.36 1 1
github.com/alekslesik/snippetbox.learn/cmd/web/middleware.go:45.36,50.5 2 0
github.com/alekslesik/snippetbox.learn/cmd/web/middleware.go:60.82,61.71 1 1
github.com/alekslesik/snippetbox.learn/cmd/web/middleware.go:61.71,62.38 1 0
github.com/alekslesik/snippetbox.learn/cmd/web/middleware.go:69.3,69.23 1 0
github.com/alekslesik/snippetbox.learn/cmd/web/middleware.go:62.38,66.4 3 0
github.com/alekslesik/snippetbox.learn/cmd/web/middleware.go:73.70,74.71 1 1
github.com/alekslesik/snippetbox.learn/cmd/web/middleware.go:74.71,78.13 2 1
github.com/alekslesik/snippetbox.learn/cmd/web/middleware.go:86.3,87.32 2 0
github.com/alekslesik/snippetbox.learn/cmd/web/middleware.go:100.3,101.40 2 0
github.com/alekslesik/snippetbox.learn/cmd/web/middleware.go:78.13,81.4 2 1
github.com/alekslesik/snippetbox.learn/cmd/web/middleware.go:87.32,91.4 3 0
github.com/alekslesik/snippetbox.learn/cmd/web/middleware.go:91.9,91.24 1 0
github.com/alekslesik/snippetbox.learn/cmd/web/middleware.go:91.24,94.4 2 0
github.com/alekslesik/snippetbox.learn/cmd/web/routes.go:10.47,40.2 17 1
github.com/alekslesik/snippetbox.learn/cmd/web/templates.go:23.36,24.16 1 1
github.com/alekslesik/snippetbox.learn/cmd/web/templates.go:29.2,29.47 1 1
github.com/alekslesik/snippetbox.learn/cmd/web/templates.go:24.16,26.3 1 1
github.com/alekslesik/snippetbox.learn/cmd/web/templates.go:39.74,45.16 3 1
github.com/alekslesik/snippetbox.learn/cmd/web/templates.go:49.2,49.29 1 1
github.com/alekslesik/snippetbox.learn/cmd/web/templates.go:77.2,77.19 1 1
github.com/alekslesik/snippetbox.learn/cmd/web/templates.go:45.16,47.3 1 0
github.com/alekslesik/snippetbox.learn/cmd/web/templates.go:49.29,57.17 3 1
github.com/alekslesik/snippetbox.learn/cmd/web/templates.go:62.3,63.17 2 1
github.com/alekslesik/snippetbox.learn/cmd/web/templates.go:67.3,68.17 2 1
github.com/alekslesik/snippetbox.learn/cmd/web/templates.go:74.3,74.19 1 1
github.com/alekslesik/snippetbox.learn/cmd/web/templates.go:57.17,59.4 1 0
github.com/alekslesik/snippetbox.learn/cmd/web/templates.go:63.17,65.4 1 0
github.com/alekslesik/snippetbox.learn/cmd/web/templates.go:68.17,70.4 1 0
github.com/alekslesik/snippetbox.learn/cmd/web/handlers.go:15.51,17.2 1 1
github.com/alekslesik/snippetbox.learn/cmd/web/handlers.go:20.70,22.16 2 1
github.com/alekslesik/snippetbox.learn/cmd/web/handlers.go:27.2,29.4 1 1
github.com/alekslesik/snippetbox.learn/cmd/web/handlers.go:22.16,25.3 2 0
github.com/alekslesik/snippetbox.learn/cmd/web/handlers.go:33.72,35.2 1 0
github.com/alekslesik/snippetbox.learn/cmd/web/handlers.go:38.83,43.2 1 0
github.com/alekslesik/snippetbox.learn/cmd/web/handlers.go:46.79,49.16 2 0
github.com/alekslesik/snippetbox.learn/cmd/web/handlers.go:55.2,63.19 5 0
github.com/alekslesik/snippetbox.learn/cmd/web/handlers.go:70.2,71.16 2 0
github.com/alekslesik/snippetbox.learn/cmd/web/handlers.go:77.2,80.74 2 0
github.com/alekslesik/snippetbox.learn/cmd/web/handlers.go:49.16,52.3 2 0
github.com/alekslesik/snippetbox.learn/cmd/web/handlers.go:63.19,68.3 2 0
github.com/alekslesik/snippetbox.learn/cmd/web/handlers.go:71.16,74.3 2 0
github.com/alekslesik/snippetbox.learn/cmd/web/handlers.go:84.77,86.26 2 1
github.com/alekslesik/snippetbox.learn/cmd/web/handlers.go:91.2,92.16 2 1
github.com/alekslesik/snippetbox.learn/cmd/web/handlers.go:101.2,103.4 1 1
github.com/alekslesik/snippetbox.learn/cmd/web/handlers.go:86.26,89.3 2 1
github.com/alekslesik/snippetbox.learn/cmd/web/handlers.go:92.16,93.41 1 1
github.com/alekslesik/snippetbox.learn/cmd/web/handlers.go:98.3,98.9 1 1
github.com/alekslesik/snippetbox.learn/cmd/web/handlers.go:93.41,95.4 1 1
github.com/alekslesik/snippetbox.learn/cmd/web/handlers.go:95.9,97.4 1 0
github.com/alekslesik/snippetbox.learn/cmd/web/handlers.go:107.80,111.2 1 1
github.com/alekslesik/snippetbox.learn/cmd/web/handlers.go:114.76,117.16 2 0
github.com/alekslesik/snippetbox.learn/cmd/web/handlers.go:123.2,129.19 5 0
github.com/alekslesik/snippetbox.learn/cmd/web/handlers.go:138.2,139.37 2 0
github.com/alekslesik/snippetbox.learn/cmd/web/handlers.go:152.2,155.57 2 0
github.com/alekslesik/snippetbox.learn/cmd/web/handlers.go:117.16,120.3 2 0
github.com/alekslesik/snippetbox.learn/cmd/web/handlers.go:129.19,134.3 2 0
github.com/alekslesik/snippetbox.learn/cmd/web/handlers.go:139.37,145.3 3 0
github.com/alekslesik/snippetbox.learn/cmd/web/handlers.go:145.8,145.23 1 0
github.com/alekslesik/snippetbox.learn/cmd/web/handlers.go:145.23,148.3 2 0
github.com/alekslesik/snippetbox.learn/cmd/web/handlers.go:159.79,163.2 1 0
github.com/alekslesik/snippetbox.learn/cmd/web/handlers.go:166.75,168.16 2 0
github.com/alekslesik/snippetbox.learn/cmd/web/handlers.go:175.2,177.41 3 0
github.com/alekslesik/snippetbox.learn/cmd/web/handlers.go:187.2,190.61 2 0
github.com/alekslesik/snippetbox.learn/cmd/web/handlers.go:168.16,171.3 2 0
github.com/alekslesik/snippetbox.learn/cmd/web/handlers.go:177.41,181.3 3 0
github.com/alekslesik/snippetbox.learn/cmd/web/handlers.go:181.8,181.23 1 0
github.com/alekslesik/snippetbox.learn/cmd/web/handlers.go:181.23,184.3 2 0
github.com/alekslesik/snippetbox.learn/cmd/web/handlers.go:194.76,202.2 3 0
github.com/alekslesik/snippetbox.learn/pkg/models/mysql/snippets.go:15.76,22.16 3 0
github.com/alekslesik/snippetbox.learn/pkg/models/mysql/snippets.go:27.2,28.16 2 0
github.com/alekslesik/snippetbox.learn/pkg/models/mysql/snippets.go:32.2,32.21 1 0
github.com/alekslesik/snippetbox.learn/pkg/models/mysql/snippets.go:22.16,24.3 1 0
github.com/alekslesik/snippetbox.learn/pkg/models/mysql/snippets.go:28.16,30.3 1 0
github.com/alekslesik/snippetbox.learn/pkg/models/mysql/snippets.go:36.61,49.16 5 0
github.com/alekslesik/snippetbox.learn/pkg/models/mysql/snippets.go:58.2,58.15 1 0
github.com/alekslesik/snippetbox.learn/pkg/models/mysql/snippets.go:49.16,50.36 1 0
github.com/alekslesik/snippetbox.learn/pkg/models/mysql/snippets.go:50.36,52.4 1 0
github.com/alekslesik/snippetbox.learn/pkg/models/mysql/snippets.go:52.9,54.4 1 0
github.com/alekslesik/snippetbox.learn/pkg/models/mysql/snippets.go:62.60,69.16 3 0
github.com/alekslesik/snippetbox.learn/pkg/models/mysql/snippets.go:73.2,78.18 3 0
github.com/alekslesik/snippetbox.learn/pkg/models/mysql/snippets.go:90.2,90.34 1 0
github.com/alekslesik/snippetbox.learn/pkg/models/mysql/snippets.go:95.2,95.22 1 0
github.com/alekslesik/snippetbox.learn/pkg/models/mysql/snippets.go:69.16,71.3 1 0
github.com/alekslesik/snippetbox.learn/pkg/models/mysql/snippets.go:78.18,82.17 3 0
github.com/alekslesik/snippetbox.learn/pkg/models/mysql/snippets.go:86.3,86.33 1 0
github.com/alekslesik/snippetbox.learn/pkg/models/mysql/snippets.go:82.17,84.4 1 0
github.com/alekslesik/snippetbox.learn/pkg/models/mysql/snippets.go:90.34,92.3 1 0
github.com/alekslesik/snippetbox.learn/pkg/models/mysql/users.go:17.64,20.16 2 0
github.com/alekslesik/snippetbox.learn/pkg/models/mysql/users.go:25.2,36.16 3 0
github.com/alekslesik/snippetbox.learn/pkg/models/mysql/users.go:47.2,47.12 1 0
github.com/alekslesik/snippetbox.learn/pkg/models/mysql/users.go:20.16,22.3 1 0
github.com/alekslesik/snippetbox.learn/pkg/models/mysql/users.go:36.16,37.50 1 0
github.com/alekslesik/snippetbox.learn/pkg/models/mysql/users.go:37.50,41.88 1 0
github.com/alekslesik/snippetbox.learn/pkg/models/mysql/users.go:41.88,43.5 1 0
github.com/alekslesik/snippetbox.learn/pkg/models/mysql/users.go:52.71,60.26 5 0
github.com/alekslesik/snippetbox.learn/pkg/models/mysql/users.go:68.2,69.48 2 0
github.com/alekslesik/snippetbox.learn/pkg/models/mysql/users.go:75.2,75.16 1 0
github.com/alekslesik/snippetbox.learn/pkg/models/mysql/users.go:60.26,62.3 1 0
github.com/alekslesik/snippetbox.learn/pkg/models/mysql/users.go:62.8,62.23 1 0
github.com/alekslesik/snippetbox.learn/pkg/models/mysql/users.go:62.23,64.3 1 0
github.com/alekslesik/snippetbox.learn/pkg/models/mysql/users.go:69.48,71.3 1 0
github.com/alekslesik/snippetbox.learn/pkg/models/mysql/users.go:71.8,71.23 1 0
github.com/alekslesik/snippetbox.learn/pkg/models/mysql/users.go:71.23,73.3 1 0
github.com/alekslesik/snippetbox.learn/pkg/models/mysql/users.go:79.55,84.26 4 1
github.com/alekslesik/snippetbox.learn/pkg/models/mysql/users.go:90.2,90.15 1 1
github.com/alekslesik/snippetbox.learn/pkg/models/mysql/users.go:84.26,86.3 1 1
github.com/alekslesik/snippetbox.learn/pkg/models/mysql/users.go:86.8,86.23 1 1
github.com/alekslesik/snippetbox.learn/pkg/models/mysql/users.go:86.23,88.3 1 0
